#
# A fatal error has been detected by the Java Runtime Environment:
#
#  EXCEPTION_ACCESS_VIOLATION (0xc0000005) at pc=0x0000000078a65eff, pid=9488, tid=9500
#
# JRE version: 6.0_17-b04
# Java VM: Java HotSpot(TM) 64-Bit Server VM (14.3-b01 mixed mode windows-amd64 )
# Problematic frame:
# V  [jvm.dll+0x1f5eff]
#
# If you would like to submit a bug report, please visit:
#   http://java.sun.com/webapps/bugreport/crash.jsp
#

---------------  T H R E A D  ---------------

Current thread (0x000000000f715000):  JavaThread "Timer-93863" [_thread_in_vm, id=9500, stack(0x00000000167c0000,0x0000000016840000)]

siginfo: ExceptionCode=0xc0000005, writing address 0x000000001683a830

Registers:
EAX=0x0000000000000006, EBX=0x0000000000000000, ECX=0x000000001683a830, EDX=0x0000000000005000
ESP=0x000000001683f830, EBP=0x0000000000000006, ESI=0x0000000000000006, EDI=0x000000001683f830
EIP=0x0000000078a65eff, EFLAGS=0x0000000000010206

Top of Stack: (sp=0x000000001683f830)
0x000000001683f830:   0000000000000000 000000000f715000
0x000000001683f840:   000000001683fa80 000000000f050df0
0x000000001683f850:   000000000f050de8 0000000000000000
0x000000001683f860:   0000000000000000 0000000000000000
0x000000001683f870:   0000000000000000 0000000000000000
0x000000001683f880:   0000000000000000 0000000000000000
0x000000001683f890:   0000000000000001 00007ffb44e28ce3
0x000000001683f8a0:   00007ff79570e000 0000000000000000
0x000000001683f8b0:   0000000000000000 000000000f050df0
0x000000001683f8c0:   0000000000000000 000000000f050dd0
0x000000001683f8d0:   0000000000000000 0000000000000000
0x000000001683f8e0:   0000000000000000 0000000000000000
0x000000001683f8f0:   0000000000000000 0000000000000000
0x000000001683f900:   0000000000000000 000000001683fa80
0x000000001683f910:   000000000f715000 0000000000000000
0x000000001683f920:   0000000000000000 000000000f050dd0 

Instructions: (pc=0x0000000078a65eff)
0x0000000078a65eef:   48 63 d0 48 63 c6 48 0f af d5 48 ff c5 48 2b ca
0x0000000078a65eff:   89 19 48 3b 05 a8 c1 3c 00 7e db 48 8b bc 24 88 


Stack: [0x00000000167c0000,0x0000000016840000],  sp=0x000000001683f830,  free space=510k
Native frames: (J=compiled Java code, j=interpreted, Vv=VM code, C=native code)
V  [jvm.dll+0x1f5eff]


---------------  P R O C E S S  ---------------

Java Threads: ( => current thread )
=>0x000000000f715000 JavaThread "Timer-93863" [_thread_in_vm, id=9500, stack(0x00000000167c0000,0x0000000016840000)]
  0x000000000f716000 JavaThread "Explorer NavigationContext request queue" [_thread_blocked, id=7932, stack(0x0000000016d40000,0x0000000016dc0000)]
  0x000000000f715800 JavaThread "Code Analyzer updating thread" [_thread_blocked, id=6620, stack(0x0000000016740000,0x00000000167c0000)]
  0x000000000f940800 JavaThread "Code Analyzer updating thread" [_thread_blocked, id=9604, stack(0x0000000018410000,0x0000000018490000)]
  0x000000000e99a800 JavaThread "Foxtrot Multi Worker Thread Runner #2" daemon [_thread_blocked, id=6600, stack(0x0000000007f50000,0x0000000007fd0000)]
  0x000000000f93f000 JavaThread "Prefs Updater" daemon [_thread_blocked, id=8940, stack(0x000000001c850000,0x000000001c8d0000)]
  0x000000000e997800 JavaThread "Foxtrot Single Worker Thread #1" daemon [_thread_blocked, id=7868, stack(0x0000000017e50000,0x0000000017ed0000)]
  0x000000000f939800 JavaThread "Code Analyzer updating thread" [_thread_blocked, id=6356, stack(0x0000000015670000,0x00000000156f0000)]
  0x000000000f93c800 JavaThread "Code Analyzer updating thread" [_thread_blocked, id=5100, stack(0x00000000155f0000,0x0000000015670000)]
  0x000000000f93b800 JavaThread "Code Analyzer updating thread" [_thread_blocked, id=10164, stack(0x0000000015570000,0x00000000155f0000)]
  0x000000000f93b000 JavaThread "Code Analyzer updating thread" [_thread_blocked, id=4204, stack(0x00000000166c0000,0x0000000016740000)]
  0x000000000f936800 JavaThread "Code Analyzer updating thread" [_thread_blocked, id=6688, stack(0x00000000154f0000,0x0000000015570000)]
  0x000000000f936000 JavaThread "Code Analyzer updating thread" [_thread_blocked, id=6992, stack(0x0000000015470000,0x00000000154f0000)]
  0x000000000f938000 JavaThread "Code Analyzer updating thread" [_thread_blocked, id=6928, stack(0x00000000153f0000,0x0000000015470000)]
  0x000000000f938800 JavaThread "Code Analyzer updating thread" [_thread_blocked, id=7620, stack(0x0000000015270000,0x00000000152f0000)]
  0x000000000f937800 JavaThread "Code Analyzer updating thread" [_thread_blocked, id=1664, stack(0x00000000151f0000,0x0000000015270000)]
  0x000000000f932000 JavaThread "Code Analyzer updating thread" [_thread_blocked, id=6772, stack(0x0000000015170000,0x00000000151f0000)]
  0x000000000f935000 JavaThread "Code Analyzer updating thread" [_thread_blocked, id=3780, stack(0x00000000150f0000,0x0000000015170000)]
  0x000000000f934800 JavaThread "Code Analyzer updating thread" [_thread_blocked, id=796, stack(0x0000000015070000,0x00000000150f0000)]
  0x000000000f933800 JavaThread "Code Analyzer updating thread" [_thread_blocked, id=8080, stack(0x0000000014ff0000,0x0000000015070000)]
  0x000000000f933000 JavaThread "Code Analyzer updating thread" [_thread_blocked, id=5780, stack(0x0000000014f60000,0x0000000014fe0000)]
  0x000000000e99e800 JavaThread "Active Reference Queue Daemon" daemon [_thread_blocked, id=7716, stack(0x0000000014ed0000,0x0000000014f50000)]
  0x000000000e99e000 JavaThread "Timer-10" daemon [_thread_blocked, id=5056, stack(0x0000000014e50000,0x0000000014ed0000)]
  0x000000000e99d800 JavaThread "Timer-9" daemon [_thread_blocked, id=4132, stack(0x0000000057670000,0x00000000576f0000)]
  0x000000000e99b000 JavaThread "AddressBar directory emptiness poller" [_thread_blocked, id=7628, stack(0x0000000057450000,0x00000000574d0000)]
  0x000000000e99c000 JavaThread "Timer-1" [_thread_blocked, id=9196, stack(0x0000000057350000,0x00000000573d0000)]
  0x000000000f206800 JavaThread "TimerQueue" daemon [_thread_blocked, id=2328, stack(0x0000000055300000,0x0000000055380000)]
  0x000000000eed5800 JavaThread "AWT-Shutdown" [_thread_blocked, id=9780, stack(0x00000000547d0000,0x0000000054850000)]
  0x000000000ef25800 JavaThread "FelixPackageAdmin" daemon [_thread_blocked, id=32, stack(0x00000000549d0000,0x0000000054a50000)]
  0x000000000f119800 JavaThread "FelixStartLevel" daemon [_thread_blocked, id=7864, stack(0x0000000054950000,0x00000000549d0000)]
  0x000000000f066000 JavaThread "FelixDispatchQueue" daemon [_thread_blocked, id=10192, stack(0x00000000548d0000,0x0000000054950000)]
  0x000000000ea83800 JavaThread "com.google.common.base.internal.Finalizer" daemon [_thread_blocked, id=8504, stack(0x0000000054850000,0x00000000548d0000)]
  0x000000000f069800 JavaThread "AWT-Windows" daemon [_thread_in_native, id=9496, stack(0x0000000054350000,0x00000000543d0000)]
  0x000000000eeaf800 JavaThread "Java2D Disposer" daemon [_thread_blocked, id=8636, stack(0x0000000054250000,0x00000000542d0000)]
  0x000000000eb08800 JavaThread "Timer-0" [_thread_blocked, id=2948, stack(0x000000000faf0000,0x000000000fb70000)]
  0x000000000e4ca800 JavaThread "EventMgr Dispatcher" daemon [_thread_in_native, id=1700, stack(0x0000000010e50000,0x0000000014e50000)]
  0x000000000dbd7800 JavaThread "Low Memory Detector" daemon [_thread_blocked, id=9540, stack(0x000000000de90000,0x000000000df10000)]
  0x000000000dbd2000 JavaThread "CompilerThread1" daemon [_thread_blocked, id=1748, stack(0x00000000668e0000,0x000000006a8e0000)]
  0x000000000dbc9800 JavaThread "CompilerThread0" daemon [_thread_blocked, id=2784, stack(0x00000000628e0000,0x00000000668e0000)]
  0x000000000dbc8800 JavaThread "Attach Listener" daemon [_thread_blocked, id=9184, stack(0x000000000de10000,0x000000000de90000)]
  0x000000000d9c3000 JavaThread "Finalizer" daemon [_thread_blocked, id=7856, stack(0x000000000dd90000,0x000000000de10000)]
  0x000000000d9b7000 JavaThread "Reference Handler" daemon [_thread_blocked, id=5760, stack(0x000000000dd10000,0x000000000dd90000)]
  0x000000000d8dd800 JavaThread "main" [_thread_in_native, id=1336, stack(0x0000000000c80000,0x0000000004c80000)]

Other Threads:
  0x000000000d9b6800 VMThread [stack: 0x000000005e8e0000,0x00000000628e0000] [id=7824]
  0x000000000dc06000 WatcherThread [stack: 0x000000006a8e0000,0x000000006e8e0000] [id=3196]

VM state:not at safepoint (normal execution)

VM Mutex/Monitor currently owned by a thread: None

Heap
 PSYoungGen      total 49920K, used 37539K [0x0000000041150000, 0x0000000044250000, 0x0000000044250000)
  eden space 49664K, 75% used [0x0000000041150000,0x00000000435c8ea8,0x00000000441d0000)
  from space 256K, 75% used [0x00000000441d0000,0x0000000044200000,0x0000000044210000)
  to   space 256K, 0% used [0x0000000044210000,0x0000000044210000,0x0000000044250000)
 PSOldGen        total 93184K, used 84343K [0x0000000037e50000, 0x000000003d950000, 0x0000000041150000)
  object space 93184K, 90% used [0x0000000037e50000,0x000000003d0adcb0,0x000000003d950000)
 PSPermGen       total 64128K, used 63810K [0x000000002fe50000, 0x0000000033cf0000, 0x0000000037e50000)
  object space 64128K, 99% used [0x000000002fe50000,0x0000000033ca0b70,0x0000000033cf0000)

Dynamic libraries:
0x00007ff795fb0000 - 0x00007ff795fe2000 	C:\Program Files\MATLAB\R2012a\bin\win64\MATLAB.exe
0x00007ffb44e10000 - 0x00007ffb44fbc000 	C:\Windows\SYSTEM32\ntdll.dll
0x00007ffb42770000 - 0x00007ffb428ae000 	C:\Windows\system32\KERNEL32.DLL
0x00007ffb42370000 - 0x00007ffb42485000 	C:\Windows\system32\KERNELBASE.dll
0x00007ffb40950000 - 0x00007ffb409de000 	C:\Windows\system32\apphelp.dll
0x00007ffb34b10000 - 0x00007ffb34b63000 	C:\Windows\AppPatch\AppPatch64\AcGenral.DLL
0x00007ffb424b0000 - 0x00007ffb4255a000 	C:\Windows\system32\msvcrt.dll
0x00007ffb41d90000 - 0x00007ffb41dbe000 	C:\Windows\SYSTEM32\SspiCli.dll
0x00007ffb443f0000 - 0x00007ffb44444000 	C:\Windows\system32\SHLWAPI.dll
0x00007ffb44730000 - 0x00007ffb448a7000 	C:\Windows\system32\USER32.dll
0x00007ffb44510000 - 0x00007ffb446a4000 	C:\Windows\system32\ole32.dll
0x00007ffb428b0000 - 0x00007ffb43ddb000 	C:\Windows\system32\SHELL32.dll
0x00007ffb41500000 - 0x00007ffb41521000 	C:\Windows\SYSTEM32\USERENV.dll
0x00007ffb44450000 - 0x00007ffb444fa000 	C:\Windows\system32\ADVAPI32.dll
0x00007ffb2fa50000 - 0x00007ffb2fa6e000 	C:\Windows\SYSTEM32\MPR.dll
0x00007ffb44a10000 - 0x00007ffb44b51000 	C:\Windows\system32\RPCRT4.dll
0x00007ffb44390000 - 0x00007ffb443e9000 	C:\Windows\SYSTEM32\sechost.dll
0x00007ffb43de0000 - 0x00007ffb43ff1000 	C:\Windows\SYSTEM32\combase.dll
0x00007ffb448c0000 - 0x00007ffb44a0f000 	C:\Windows\system32\GDI32.dll
0x00007ffb41f60000 - 0x00007ffb41f75000 	C:\Windows\SYSTEM32\profapi.dll
0x00007ffb44000000 - 0x00007ffb44036000 	C:\Windows\system32\IMM32.DLL
0x00007ffb44170000 - 0x00007ffb442c2000 	C:\Windows\system32\MSCTF.dll
0x0000000074460000 - 0x0000000074554000 	C:\Program Files\MATLAB\R2012a\bin\win64\libut.dll
0x0000000073f70000 - 0x00000000740ad000 	C:\Program Files\MATLAB\R2012a\bin\win64\libmwfl.dll
0x000000007bed0000 - 0x000000007c183000 	C:\Program Files\MATLAB\R2012a\bin\win64\libmwservices.dll
0x0000000074970000 - 0x0000000074b06000 	C:\Program Files\MATLAB\R2012a\bin\win64\mcr.dll
0x00000000758a0000 - 0x0000000075952000 	C:\Program Files\MATLAB\R2012a\bin\win64\libmwi18n.dll
0x000000005e750000 - 0x000000005e823000 	C:\Windows\WinSxS\amd64_microsoft.vc90.crt_1fc8b3b9a1e18e3b_9.0.30729.8387_none_08e793bfa83a89b5\MSVCP90.dll
0x000000005e830000 - 0x000000005e8d3000 	C:\Windows\WinSxS\amd64_microsoft.vc90.crt_1fc8b3b9a1e18e3b_9.0.30729.8387_none_08e793bfa83a89b5\MSVCR90.dll
0x000000007a560000 - 0x000000007a569000 	C:\Program Files\MATLAB\R2012a\bin\win64\boost_system-vc90-mt-1_44.dll
0x000000007a2d0000 - 0x000000007a2e2000 	C:\Program Files\MATLAB\R2012a\bin\win64\boost_thread-vc90-mt-1_44.dll
0x000000005aa40000 - 0x000000005abb1000 	C:\Program Files\MATLAB\R2012a\bin\win64\icuuc44.dll
0x000000005aa20000 - 0x000000005aa33000 	C:\Program Files\MATLAB\R2012a\bin\win64\icuio44.dll
0x0000000180000000 - 0x0000000180046000 	C:\Program Files\MATLAB\R2012a\bin\win64\tbb.dll
0x00007ffb44b60000 - 0x00007ffb44b67000 	C:\Windows\system32\PSAPI.DLL
0x00007ffb39cf0000 - 0x00007ffb39e79000 	C:\Windows\SYSTEM32\dbghelp.dll
0x0000000004ea0000 - 0x0000000004eab000 	C:\Program Files\MATLAB\R2012a\bin\win64\libmwresource_core.dll
0x0000000006650000 - 0x0000000006946000 	C:\Program Files\MATLAB\R2012a\bin\win64\libmwMATLAB_res.dll
0x000000007a3b0000 - 0x000000007a3c0000 	C:\Program Files\MATLAB\R2012a\bin\win64\boost_date_time-vc90-mt-1_44.dll
0x000000007a170000 - 0x000000007a19c000 	C:\Program Files\MATLAB\R2012a\bin\win64\boost_filesystem-vc90-mt-1_44.dll
0x000000007a250000 - 0x000000007a263000 	C:\Program Files\MATLAB\R2012a\bin\win64\boost_signals-vc90-mt-1_44.dll
0x00007ffb42490000 - 0x00007ffb424a6000 	C:\Windows\system32\imagehlp.dll
0x0000000075a20000 - 0x0000000075ae2000 	C:\Program Files\MATLAB\R2012a\bin\win64\libmx.dll
0x0000000004ec0000 - 0x0000000004ee1000 	C:\Program Files\MATLAB\R2012a\bin\win64\libmwmfl_scalar.dll
0x0000000075f10000 - 0x0000000075f5d000 	C:\Program Files\MATLAB\R2012a\bin\win64\mpath.dll
0x000000007b680000 - 0x000000007bbe1000 	C:\Program Files\MATLAB\R2012a\bin\win64\mlutil.dll
0x0000000004ef0000 - 0x0000000004f0a000 	C:\Program Files\MATLAB\R2012a\bin\win64\libmwMATLAB_settings_res.dll
0x0000000006950000 - 0x0000000006997000 	C:\Program Files\MATLAB\R2012a\bin\win64\boost_serialization-vc90-mt-1_44.dll
0x00007ffb30470000 - 0x00007ffb30514000 	C:\Windows\WinSxS\amd64_microsoft.windows.common-controls_6595b64144ccf1df_5.82.9600.17810_none_34ae2abd958aedeb\COMCTL32.dll
0x00007ffb442d0000 - 0x00007ffb44386000 	C:\Windows\system32\COMDLG32.dll
0x00007ffb3db50000 - 0x00007ffb3db66000 	C:\Windows\SYSTEM32\NETAPI32.dll
0x00007ffb42710000 - 0x00007ffb4276a000 	C:\Windows\system32\WS2_32.dll
0x00007ffb44040000 - 0x00007ffb44101000 	C:\Windows\system32\OLEAUT32.dll
0x0000000075000000 - 0x000000007536b000 	C:\Program Files\MATLAB\R2012a\bin\win64\iqm.dll
0x0000000079fb0000 - 0x0000000079fe7000 	C:\Program Files\MATLAB\R2012a\bin\win64\libmwbridge.dll
0x000000005a9f0000 - 0x000000005aa15000 	C:\Program Files\MATLAB\R2012a\bin\win64\libmex.dll
0x000000005a930000 - 0x000000005a9e3000 	C:\Program Files\MATLAB\R2012a\bin\win64\m_dispatcher.dll
0x000000005a6b0000 - 0x000000005a929000 	C:\Program Files\MATLAB\R2012a\bin\win64\mcos.dll
0x000000005a550000 - 0x000000005a6a2000 	C:\Program Files\MATLAB\R2012a\bin\win64\libmwgui.dll
0x0000000059ba0000 - 0x000000005a543000 	C:\Program Files\MATLAB\R2012a\bin\win64\hg.dll
0x0000000059aa0000 - 0x0000000059b9d000 	C:\Program Files\MATLAB\R2012a\bin\win64\hgutils.dll
0x0000000059270000 - 0x0000000059a91000 	C:\Program Files\MATLAB\R2012a\bin\win64\m_interpreter.dll
0x0000000075710000 - 0x00000000757c1000 	C:\Program Files\MATLAB\R2012a\bin\win64\jmi.dll
0x00000000591b0000 - 0x000000005926d000 	C:\Program Files\MATLAB\R2012a\bin\win64\udd_mi.dll
0x00000000069a0000 - 0x0000000006c6a000 	C:\Program Files\MATLAB\R2012a\bin\win64\uiw.dll
0x0000000059190000 - 0x00000000591b0000 	C:\Program Files\MATLAB\R2012a\bin\win64\mwoles05.DLL
0x0000000059110000 - 0x000000005918c000 	C:\Program Files\MATLAB\R2012a\bin\win64\comcli.dll
0x0000000059100000 - 0x000000005910c000 	C:\Program Files\MATLAB\R2012a\bin\win64\mlautoregister.dll
0x0000000006c70000 - 0x0000000006c80000 	C:\Program Files\MATLAB\R2012a\bin\win64\boost_iostreams-vc90-mt-1_44.dll
0x000000007a010000 - 0x000000007a035000 	C:\Program Files\MATLAB\R2012a\bin\win64\LIBEXPAT.dll
0x0000000058f00000 - 0x00000000590f1000 	C:\Program Files\MATLAB\R2012a\bin\win64\icuin44.dll
0x0000000010000000 - 0x0000000010e41000 	C:\Program Files\MATLAB\R2012a\bin\win64\icudt44.dll
0x000000007a210000 - 0x000000007a228000 	C:\Program Files\MATLAB\R2012a\bin\win64\zlib1.dll
0x0000000058e80000 - 0x0000000058eff000 	C:\Program Files\MATLAB\R2012a\bin\win64\xmlcore.dll
0x000000007bc30000 - 0x000000007be83000 	C:\Program Files\MATLAB\R2012a\bin\win64\xerces-c_2_7.dll
0x00007ffb40320000 - 0x00007ffb403d2000 	C:\Windows\SYSTEM32\SHCORE.DLL
0x00007ffb411a0000 - 0x00007ffb411ac000 	C:\Windows\SYSTEM32\netutils.dll
0x00007ffb41ba0000 - 0x00007ffb41bc6000 	C:\Windows\SYSTEM32\srvcli.dll
0x00007ffb3db10000 - 0x00007ffb3db27000 	C:\Windows\SYSTEM32\wkscli.dll
0x00007ffb44500000 - 0x00007ffb44509000 	C:\Windows\system32\NSI.dll
0x0000000058db0000 - 0x0000000058e78000 	C:\Program Files\MATLAB\R2012a\bin\win64\udd.dll
0x0000000074880000 - 0x000000007496d000 	C:\Program Files\MATLAB\R2012a\bin\win64\boost_regex-vc90-mt-1_44.dll
0x0000000058d90000 - 0x0000000058da7000 	C:\Program Files\MATLAB\R2012a\bin\win64\graphics_util.dll
0x0000000076100000 - 0x0000000076167000 	C:\Program Files\MATLAB\R2012a\bin\win64\libmat.dll
0x0000000058d40000 - 0x0000000058d82000 	C:\Program Files\MATLAB\R2012a\bin\win64\libmwhardcopy.dll
0x0000000058ce0000 - 0x0000000058d3a000 	C:\Program Files\MATLAB\R2012a\bin\win64\libuij.dll
0x0000000058ad0000 - 0x0000000058cdc000 	C:\Program Files\MATLAB\R2012a\bin\win64\hgdatatypes.dll
0x0000000058a40000 - 0x0000000058ac6000 	C:\Program Files\MATLAB\R2012a\bin\win64\libmwlapack.dll
0x0000000006e00000 - 0x0000000006e3b000 	C:\Program Files\MATLAB\R2012a\bin\win64\libmwgbtutils.dll
0x0000000006e40000 - 0x0000000006e59000 	C:\Program Files\MATLAB\R2012a\bin\win64\libmwgbt.dll
0x0000000058550000 - 0x0000000058a34000 	C:\Windows\WinSxS\amd64_microsoft.vc90.mfc_1fc8b3b9a1e18e3b_9.0.30729.6161_none_044aad0bab1eb146\mfc90.dll
0x00007ffb3cce0000 - 0x00007ffb3cd62000 	C:\Windows\SYSTEM32\WINSPOOL.DRV
0x00000000584c0000 - 0x0000000058544000 	C:\Program Files\MATLAB\R2012a\bin\win64\profiler.dll
0x0000000006e80000 - 0x00000000070d5000 	C:\Program Files\MATLAB\R2012a\bin\win64\libmwmathutil.dll
0x0000000079f40000 - 0x0000000079f6d000 	C:\Program Files\MATLAB\R2012a\bin\win64\libmwmathrng.dll
0x0000000058490000 - 0x00000000584b1000 	C:\Program Files\MATLAB\R2012a\bin\win64\m_pcodeio.dll
0x0000000079b10000 - 0x0000000079b77000 	C:\Program Files\MATLAB\R2012a\bin\win64\m_ir.dll
0x0000000057e40000 - 0x0000000058490000 	C:\Program Files\MATLAB\R2012a\bin\win64\m_parser.dll
0x0000000057e00000 - 0x0000000057e31000 	C:\Program Files\MATLAB\R2012a\bin\win64\m_pcodegen.dll
0x00000000070e0000 - 0x000000000714b000 	C:\Program Files\MATLAB\R2012a\bin\win64\libmwspmatrix.dll
0x0000000007160000 - 0x000000000716e000 	C:\Program Files\MATLAB\R2012a\bin\win64\nativejava_services.dll
0x0000000057df0000 - 0x0000000057dff000 	C:\Program Files\MATLAB\R2012a\bin\win64\uinone.dll
0x000000005e720000 - 0x000000005e74f000 	C:\Windows\WinSxS\amd64_microsoft.vc90.atl_1fc8b3b9a1e18e3b_9.0.30729.6161_none_0a1fd3a3a768b895\ATL90.DLL
0x0000000072d30000 - 0x0000000072f44000 	C:\Program Files\MATLAB\R2012a\bin\win64\hdf5dll.dll
0x0000000057dd0000 - 0x0000000057de2000 	C:\Program Files\MATLAB\R2012a\bin\win64\libmwbinder.dll
0x0000000057dc0000 - 0x0000000057dcb000 	C:\Program Files\MATLAB\R2012a\bin\win64\libmwompwrapper.dll
0x00007ffb3cd70000 - 0x00007ffb3cd77000 	C:\Windows\SYSTEM32\MSIMG32.dll
0x0000000074c10000 - 0x0000000074ced000 	C:\Program Files\MATLAB\R2012a\bin\win64\libmwmathcore.dll
0x0000000057da0000 - 0x0000000057dba000 	C:\Program Files\MATLAB\R2012a\bin\win64\ir_xfmr.dll
0x0000000057d90000 - 0x0000000057d9c000 	C:\Program Files\MATLAB\R2012a\bin\win64\mtok.dll
0x0000000075ea0000 - 0x0000000075f02000 	C:\Program Files\MATLAB\R2012a\bin\win64\libmwcholmod.dll
0x000000007a460000 - 0x000000007a46d000 	C:\Program Files\MATLAB\R2012a\bin\win64\libmwamd.dll
0x000000007a4b0000 - 0x000000007a4bc000 	C:\Program Files\MATLAB\R2012a\bin\win64\libmwcolamd.dll
0x0000000057d70000 - 0x0000000057d89000 	C:\Program Files\MATLAB\R2012a\bin\win64\libmwblas.dll
0x00007ffb40bd0000 - 0x00007ffb40cf9000 	C:\Windows\system32\UxTheme.dll
0x00007ffb40120000 - 0x00007ffb40141000 	C:\Windows\system32\dwmapi.dll
0x0000000057d60000 - 0x0000000057d6d000 	C:\Windows\WinSxS\amd64_microsoft.vc90.mfcloc_1fc8b3b9a1e18e3b_9.0.30729.6161_none_01c9581e60cbee58\MFC90ENU.DLL
0x0000000007b90000 - 0x0000000007bb9000 	C:\Program Files\MATLAB\R2012a\bin\win64\tbbmalloc.dll
0x00007ffb34ab0000 - 0x00007ffb34b01000 	C:\Program Files (x86)\Common Files\Intel\Shared Libraries\redist\intel64\compiler\cilkrts20.dll
0x0000000078870000 - 0x0000000078ecd000 	C:\Program Files\MATLAB\R2012a\sys\java\jre\win64\jre\bin\server\jvm.dll
0x00007ffb3cdd0000 - 0x00007ffb3cdf2000 	C:\Windows\SYSTEM32\WINMM.dll
0x00007ffb3cda0000 - 0x00007ffb3cdca000 	C:\Windows\SYSTEM32\WINMMBASE.dll
0x00007ffb42030000 - 0x00007ffb4207f000 	C:\Windows\SYSTEM32\cfgmgr32.dll
0x00007ffb40d50000 - 0x00007ffb40d78000 	C:\Windows\SYSTEM32\DEVOBJ.dll
0x00007ffb3c9b0000 - 0x00007ffb3c9da000 	C:\Windows\SYSTEM32\iphlpapi.dll
0x00007ffb3c980000 - 0x00007ffb3c98a000 	C:\Windows\SYSTEM32\WINNSI.DLL
0x00007ffb41570000 - 0x00007ffb41614000 	C:\Windows\SYSTEM32\DNSAPI.dll
0x00007ffb3c440000 - 0x00007ffb3c456000 	C:\Windows\SYSTEM32\dhcpcsvc6.DLL

VM Arguments:
jvm_args: -Xss512k -XX:PermSize=32m -Xms64m -XX:NewRatio=3 -XX:MaxPermSize=128m -Xmx196m -XX:MaxDirectMemorySize=2147400000 -Dsun.java2d.noddraw=true -Dsun.awt.nopixfmt=true -Xshare:off -Xrs -Dsun.awt.disableMixing=true -Djava.library.path=C:\Program Files\MATLAB\R2012a\bin\win64 vfprintf abort 
java_command: <unknown>
Launcher Type: generic

Environment Variables:
PATH=C:\Program Files\MATLAB\R2012a\runtime\win64;C:\Program Files\MATLAB\R2012a\bin\win64;C:\Program Files (x86)\Common Files\Intel\Shared Libraries\redist\intel64\compiler;C:\Windows\SYSTEM32;C:\Windows;C:\Windows\SYSTEM32\WBEM;C:\Windows\SYSTEM32\WINDOWSPOWERSHELL\V1.0\;C:\Program Files (x86)\Windows Live\Shared;C:\Program Files (x86)\QuickTime\QTSystem\;F:\8.1_ise\bin\nt;C:\Program Files (x86)\Common Files\lenovo\easyplussdk\bin;C:\Program Files\MATLAB\R2012a\bin;C:\Program Files (x86)\Skype\Phone\
USERNAME=manjish-pc
OS=Windows_NT
PROCESSOR_IDENTIFIER=Intel64 Family 6 Model 58 Stepping 9, GenuineIntel



---------------  S Y S T E M  ---------------

OS: Windows NT 6.2 Build 9200 

CPU:total 4 (8 cores per cpu, 2 threads per core) family 6 model 58 stepping 9, cmov, cx8, fxsr, mmx, sse, sse2, sse3, ssse3, sse4.1, sse4.2, ht

Memory: 4k page, physical 4066664k(634416k free), swap 7212392k(4508k free)

vm_info: Java HotSpot(TM) 64-Bit Server VM (14.3-b01) for windows-amd64 JRE (1.6.0_17-b04), built on Oct 11 2009 00:46:08 by "java_re" with MS VC++ 8.0

time: Wed Apr 06 10:23:26 2016
elapsed time: 174884 seconds

